<?xml version="1.0" encoding="UTF-8"?>
<!-- Generated by org.testng.reporters.JUnitReportReporter -->
<testsuite name="com.Script.ManageMyAccount_Script" tests="1" time="176.801" ignored="0" failures="0" timestamp="16 Apr 2017 10:37:05 GMT" skipped="0" hostname="SHI58495EU1003F" errors="1">
  <testcase name="addAddress" time="176.801" classname="com.Script.ManageMyAccount_Script">
    <error type="org.openqa.selenium.WebDriverException" message="An unknown server-side error occurred while processing the command. (Original error: Soft keyboard not present, cannot hide keyboard) (WARNING: The server did not provide any stacktrace information)
Command duration or timeout: 1.27 seconds
Build info: version: &#039;2.53.1&#039;, revision: &#039;a36b8b1cd5757287168e54b817830adce9b0158d&#039;, time: &#039;2016-06-30 19:26:09&#039;
System info: host: &#039;SHI58495EU1003F&#039;, ip: &#039;10.10.13.180&#039;, os.name: &#039;Windows 7&#039;, os.arch: &#039;amd64&#039;, os.version: &#039;6.1&#039;, java.version: &#039;1.8.0_11&#039;
Driver info: io.appium.java_client.android.AndroidDriver
Capabilities [{appPackage=com.sears.android, unicodekeyboard=true, networkConnectionEnabled=true, warnings={}, databaseEnabled=false, deviceName=ccdcb242, platform=LINUX, appActivity=com.android.sears.activity.MenuDrawerActivity, desired={appPackage=com.sears.android, appActivity=com.android.sears.activity.MenuDrawerActivity, unicodekeyboard=true, platformVersion=6.0.1, automationName=Android, resetkeyboard=true, platformName=Android, deviceName=ccdcb242}, platformVersion=6.0.1, webStorageEnabled=false, locationContextEnabled=false, automationName=Android, browserName=Android, takesScreenshot=true, javascriptEnabled=true, resetkeyboard=true, platformName=Android}]
Session ID: 1ecabb87-b6fc-4421-bcab-b8f29086d706">
      <![CDATA[org.openqa.selenium.WebDriverException: An unknown server-side error occurred while processing the command. (Original error: Soft keyboard not present, cannot hide keyboard) (WARNING: The server did not provide any stacktrace information)
Command duration or timeout: 1.27 seconds
Build info: version: '2.53.1', revision: 'a36b8b1cd5757287168e54b817830adce9b0158d', time: '2016-06-30 19:26:09'
System info: host: 'SHI58495EU1003F', ip: '10.10.13.180', os.name: 'Windows 7', os.arch: 'amd64', os.version: '6.1', java.version: '1.8.0_11'
Driver info: io.appium.java_client.android.AndroidDriver
Capabilities [{appPackage=com.sears.android, unicodekeyboard=true, networkConnectionEnabled=true, warnings={}, databaseEnabled=false, deviceName=ccdcb242, platform=LINUX, appActivity=com.android.sears.activity.MenuDrawerActivity, desired={appPackage=com.sears.android, appActivity=com.android.sears.activity.MenuDrawerActivity, unicodekeyboard=true, platformVersion=6.0.1, automationName=Android, resetkeyboard=true, platformName=Android, deviceName=ccdcb242}, platformVersion=6.0.1, webStorageEnabled=false, locationContextEnabled=false, automationName=Android, browserName=Android, takesScreenshot=true, javascriptEnabled=true, resetkeyboard=true, platformName=Android}]
Session ID: 1ecabb87-b6fc-4421-bcab-b8f29086d706
	at sun.reflect.NativeConstructorAccessorImpl.newInstance0(Native Method)
	at sun.reflect.NativeConstructorAccessorImpl.newInstance(NativeConstructorAccessorImpl.java:62)
	at sun.reflect.DelegatingConstructorAccessorImpl.newInstance(DelegatingConstructorAccessorImpl.java:45)
	at java.lang.reflect.Constructor.newInstance(Constructor.java:408)
	at org.openqa.selenium.remote.ErrorHandler.createThrowable(ErrorHandler.java:206)
	at org.openqa.selenium.remote.ErrorHandler.throwIfResponseFailed(ErrorHandler.java:158)
	at org.openqa.selenium.remote.RemoteWebDriver.execute(RemoteWebDriver.java:678)
	at io.appium.java_client.DefaultGenericMobileDriver.execute(DefaultGenericMobileDriver.java:43)
	at io.appium.java_client.AppiumDriver.execute(AppiumDriver.java:216)
	at io.appium.java_client.AppiumDriver.hideKeyboard(AppiumDriver.java:286)
	at com.PomClass.ManagemyAccount_POM.addAddress(ManagemyAccount_POM.java:93)
	at com.Script.ManageMyAccount_Script.addAddress(ManageMyAccount_Script.java:58)
	at sun.reflect.NativeMethodAccessorImpl.invoke0(Native Method)
	at sun.reflect.NativeMethodAccessorImpl.invoke(NativeMethodAccessorImpl.java:62)
	at sun.reflect.DelegatingMethodAccessorImpl.invoke(DelegatingMethodAccessorImpl.java:43)
	at java.lang.reflect.Method.invoke(Method.java:483)
	at org.testng.internal.MethodInvocationHelper.invokeMethod(MethodInvocationHelper.java:104)
	at org.testng.internal.Invoker.invokeMethod(Invoker.java:645)
	at org.testng.internal.Invoker.invokeTestMethod(Invoker.java:851)
	at org.testng.internal.Invoker.invokeTestMethods(Invoker.java:1177)
	at org.testng.internal.TestMethodWorker.invokeTestMethods(TestMethodWorker.java:129)
	at org.testng.internal.TestMethodWorker.run(TestMethodWorker.java:112)
	at org.testng.TestRunner.privateRun(TestRunner.java:756)
	at org.testng.TestRunner.run(TestRunner.java:610)
	at org.testng.SuiteRunner.runTest(SuiteRunner.java:387)
	at org.testng.SuiteRunner.runSequentially(SuiteRunner.java:382)
	at org.testng.SuiteRunner.privateRun(SuiteRunner.java:340)
	at org.testng.SuiteRunner.run(SuiteRunner.java:289)
	at org.testng.SuiteRunnerWorker.runSuite(SuiteRunnerWorker.java:52)
	at org.testng.SuiteRunnerWorker.run(SuiteRunnerWorker.java:86)
	at org.testng.TestNG.runSuitesSequentially(TestNG.java:1293)
	at org.testng.TestNG.runSuitesLocally(TestNG.java:1218)
	at org.testng.TestNG.runSuites(TestNG.java:1133)
	at org.testng.TestNG.run(TestNG.java:1104)
	at org.testng.remote.AbstractRemoteTestNG.run(AbstractRemoteTestNG.java:132)
	at org.testng.remote.RemoteTestNG.initAndRun(RemoteTestNG.java:236)
	at org.testng.remote.RemoteTestNG.main(RemoteTestNG.java:81)
]]>
    </error>
  </testcase> <!-- addAddress -->
</testsuite> <!-- com.Script.ManageMyAccount_Script -->
